2025/02/04 13:10:53 client.go:20: Loading auth.toml
2025/02/04 13:10:53 client.go:25: Loading config.toml
2025/02/04 13:10:53 client.go:31: Creating ApiClient
2025/02/04 13:10:54 main.go:21: Fetching all positions
2025/02/04 13:10:54 main.go:27: Getting positions for account 1133432
2025/02/04 13:10:54 main.go:32: Account positions fetched:
2025/02/04 13:10:54 main.go:33: {0bEiJzLfZBvIQ1WTELD0ow 1133432 {0 } [{1133432-2802 FUND AMF Räntefond Kort 2802 SEK 11.2143 1352.5567 1350.4299982908 120.420356 } {1133432-1387823 WARRANT MINI L DAX AVA 437 1387823 SEK 10 1068.1 1062.3 106.23 18981} {1133432-1804778 WARRANT MINI L GULD NORDNET 480 1804778 SEK 6 971.4 949.600002 158.266667 18986} {1133432-1804993 WARRANT MINI L KOPPAR NORDNET 345 1804993 SEK 36 793.44 800.200008 22.227778 18989} {1133432-1077534 WARRANT TLNG DJIA VT26 1077534 SEK 3 730.2 743.000001 247.666667 18985}]}
2025/02/04 13:10:54 main.go:35: Getting upcoming holdings
2025/02/04 13:10:55 main.go:40: Upcoming holdings fetched:
2025/02/04 13:10:55 main.go:41: [{DAX 18981 WARRANT 3} {Guld 18986 WARRANT 2} {OMX 19002 WARRANT 3} {DJI 18985 WARRANT 3} {CASH CASH CASH 1}]
2025/02/04 13:10:55 main.go:43: Getting trades
2025/02/04 13:10:55 main.go:48: Trades fetched:
2025/02/04 13:10:55 main.go:49: {[{AMF Räntefond Kort  2802 SELL 11.2143 FUND 1133432} {MINI L KOPPAR NORDNET 345 18989 1804993 SELL 36 WARRANT 1133432}] [{OMX 19002 767070 BUY 0 WARRANT 1133432}] 1}
2025/02/04 13:10:55 main.go:51: Executing trades
2025/02/04 13:10:55 helpers.go:255: Executing sell of assetID: 1804993 (underlyingID: 18989)
2025/02/04 13:10:55 main.go:54: Failed to execute trades. Exiting. Error: failed to execute sell of asset 1804993.
2025/02/04 13:12:28 client.go:20: Loading auth.toml
2025/02/04 13:12:28 client.go:25: Loading config.toml
2025/02/04 13:12:28 client.go:31: Creating ApiClient
2025/02/04 13:12:28 main.go:21: Fetching all positions
2025/02/04 13:12:28 main.go:27: Getting positions for account 1133432
2025/02/04 13:12:29 main.go:32: Account positions fetched:
2025/02/04 13:12:29 main.go:33: {0bEiJzLfZBvIQ1WTELD0ow 1133432 {0 } [{1133432-2802 FUND AMF Räntefond Kort 2802 SEK 11.2143 1352.5567 1350.4299982908 120.420356 } {1133432-1387823 WARRANT MINI L DAX AVA 437 1387823 SEK 10 1068 1062.3 106.23 18981} {1133432-1804778 WARRANT MINI L GULD NORDNET 480 1804778 SEK 6 970.98 949.600002 158.266667 18986} {1133432-1804993 WARRANT MINI L KOPPAR NORDNET 345 1804993 SEK 36 792.72 800.200008 22.227778 18989} {1133432-1077534 WARRANT TLNG DJIA VT26 1077534 SEK 3 730.17 743.000001 247.666667 18985}]}
2025/02/04 13:12:29 main.go:35: Getting upcoming holdings
2025/02/04 13:12:29 main.go:40: Upcoming holdings fetched:
2025/02/04 13:12:29 main.go:41: [{DAX 18981 WARRANT 3} {Guld 18986 WARRANT 2} {OMX 19002 WARRANT 3} {DJI 18985 WARRANT 3} {CASH CASH CASH 1}]
2025/02/04 13:12:29 main.go:43: Getting trades
2025/02/04 13:12:29 main.go:48: Trades fetched:
2025/02/04 13:12:29 main.go:49: {[{AMF Räntefond Kort  2802 SELL 11.2143 FUND 1133432} {MINI L KOPPAR NORDNET 345 18989 1804993 SELL 36 WARRANT 1133432}] [{OMX 19002 767070 BUY 0 WARRANT 1133432}] 1}
2025/02/04 13:12:29 main.go:51: Executing trades
2025/02/04 13:12:29 helpers.go:255: Executing sell of assetID: 1804993 (underlyingID: 18989)
2025/02/04 13:12:29 main.go:54: Failed to execute trades. Exiting. Error: failed to execute sell of asset 1804993. Error: failed to place order: failed to place warrant order: unexpected status code: 404
2025/02/04 13:13:12 client.go:20: Loading auth.toml
2025/02/04 13:13:12 client.go:25: Loading config.toml
2025/02/04 13:13:12 client.go:31: Creating ApiClient
2025/02/04 13:13:13 main.go:21: Fetching all positions
2025/02/04 13:13:13 main.go:27: Getting positions for account 1133432
2025/02/04 13:13:13 main.go:32: Account positions fetched:
2025/02/04 13:13:13 main.go:33: {0bEiJzLfZBvIQ1WTELD0ow 1133432 {0 } [{1133432-2802 FUND AMF Räntefond Kort 2802 SEK 11.2143 1352.5567 1350.4299982908 120.420356 } {1133432-1387823 WARRANT MINI L DAX AVA 437 1387823 SEK 10 1067.6 1062.3 106.23 18981} {1133432-1804778 WARRANT MINI L GULD NORDNET 480 1804778 SEK 6 971.76 949.600002 158.266667 18986} {1133432-1804993 WARRANT MINI L KOPPAR NORDNET 345 1804993 SEK 36 793.44 800.200008 22.227778 18989} {1133432-1077534 WARRANT TLNG DJIA VT26 1077534 SEK 3 730.05 743.000001 247.666667 18985}]}
2025/02/04 13:13:13 main.go:35: Getting upcoming holdings
2025/02/04 13:13:14 main.go:40: Upcoming holdings fetched:
2025/02/04 13:13:14 main.go:41: [{DAX 18981 WARRANT 3} {Guld 18986 WARRANT 2} {OMX 19002 WARRANT 3} {DJI 18985 WARRANT 3} {CASH CASH CASH 1}]
2025/02/04 13:13:14 main.go:43: Getting trades
2025/02/04 13:13:14 main.go:48: Trades fetched:
2025/02/04 13:13:14 main.go:49: {[{AMF Räntefond Kort  2802 SELL 11.2143 FUND 1133432} {MINI L KOPPAR NORDNET 345 18989 1804993 SELL 36 WARRANT 1133432}] [{OMX 19002 767070 BUY 0 WARRANT 1133432}] 1}
2025/02/04 13:13:14 main.go:51: Executing trades
2025/02/04 13:13:14 helpers.go:255: Executing sell of assetID: 1804993 (underlyingID: 18989)
2025/02/04 13:13:14 main.go:54: Failed to execute trades. Exiting. Error: failed to execute sell of asset 1804993. Error: failed to place order: failed to place warrant order: unexpected status code: 404
2025/02/05 17:23:07 client.go:20: Loading auth.toml
2025/02/05 17:23:07 client.go:25: Loading config.toml
2025/02/05 17:23:07 client.go:31: Creating ApiClient
2025/02/05 17:23:08 main.go:21: Fetching all positions
2025/02/05 17:23:08 main.go:27: Getting positions for account 1133432
2025/02/05 17:23:08 main.go:32: Account positions fetched:
2025/02/05 17:23:08 main.go:33: {0bEiJzLfZBvIQ1WTELD0ow 1133432 {0 } [{1133432-2802 FUND AMF Räntefond Kort 2802 SEK 11.2143 1352.3324 1350.4299982908 120.420356 } {1133432-1387823 WARRANT MINI L DAX AVA 437 1387823 SEK 10 1071.6 1062.3 106.23 18981} {1133432-1804778 WARRANT MINI L GULD NORDNET 480 1804778 SEK 6 984.96 949.600002 158.266667 18986} {1133432-1804993 WARRANT MINI L KOPPAR NORDNET 345 1804993 SEK 36 804.96 800.200008 22.227778 18989} {1133432-1077534 WARRANT TLNG DJIA VT26 1077534 SEK 3 725.76 743.000001 247.666667 18985}]}
2025/02/05 17:23:08 main.go:35: Getting upcoming holdings
2025/02/05 17:23:09 main.go:40: Upcoming holdings fetched:
2025/02/05 17:23:09 main.go:41: [{Guld 18986 WARRANT 2} {DAX 18981 WARRANT 3} {OMX 19002 WARRANT 3} {DJI 18985 WARRANT 3} {CASH CASH CASH 1}]
2025/02/05 17:23:09 main.go:43: Getting trades
2025/02/05 17:23:09 main.go:48: Trades fetched:
2025/02/05 17:23:09 main.go:49: {[{AMF Räntefond Kort  2802 SELL 11.2143 FUND 1133432} {MINI L KOPPAR NORDNET 345 18989 1804993 SELL 36 WARRANT 1133432}] [{OMX 19002 779433 BUY 0 WARRANT 1133432}] 1}
2025/02/05 17:23:09 main.go:51: Executing trades
2025/02/05 17:23:09 helpers.go:255: Executing sell of assetID: 1804993 (underlyingID: 18989)
2025/02/05 17:23:09 main.go:54: Failed to execute trades. Exiting. Error: failed to execute sell of asset 1804993. Error: failed to place order: failed to place warrant order: unexpected status code: 500
2025/02/06 11:29:51 client.go:20: Loading auth.toml
2025/02/06 11:29:51 client.go:25: Loading config.toml
2025/02/06 11:29:51 client.go:31: Creating ApiClient
2025/02/06 11:29:51 calls.go:35: Fetching all positions
2025/02/06 11:29:51 helpers.go:16: Getting positions for account 0bEiJzLfZBvIQ1WTELD0ow
2025/02/06 11:29:52 helpers.go:62: Account positions fetched:
2025/02/06 11:29:52 helpers.go:63: {0bEiJzLfZBvIQ1WTELD0ow 1133432 {1332.9589 SEK} [{1133432-1387823 WARRANT MINI L DAX AVA 437 1387823 SEK 10 1097.3 1062.3 106.23 18981} {1133432-1804778 WARRANT MINI L GULD NORDNET 480 1804778 SEK 6 987.12 949.600002 158.266667 18986} {1133432-1804993 WARRANT MINI L KOPPAR NORDNET 345 1804993 SEK 36 848.16 800.200008 22.227778 18989} {1133432-1077534 WARRANT TLNG DJIA VT26 1077534 SEK 3 744.03 743.000001 247.666667 18985}]}
2025/02/06 11:29:52 helpers.go:68: Getting upcoming holdings
2025/02/06 11:29:52 helpers.go:122: Upcoming holdings fetched:
2025/02/06 11:29:52 helpers.go:123: [{DAX 18981 WARRANT 3} {Guld 18986 WARRANT 2} {OMX 19002 WARRANT 3} {DJI 18985 WARRANT 3} {CASH CASH CASH 1}]
2025/02/06 11:29:52 main.go:37: Getting trades
2025/02/06 11:29:52 helpers.go:128: Getting trades
2025/02/06 11:29:52 helpers.go:210: Finding suitable asset for underlyingID: 19002
2025/02/06 11:29:53 helpers.go:204: Trades fetched:
2025/02/06 11:29:53 helpers.go:205: {[{MINI L KOPPAR NORDNET 345 18989 1804993 SELL 36 WARRANT 1133432}] [{OMX 19002 767070 BUY 0 WARRANT 1133432}] 1}
2025/02/06 11:29:53 main.go:42: Trades fetched:
2025/02/06 11:29:53 main.go:43: {[{MINI L KOPPAR NORDNET 345 18989 1804993 SELL 36 WARRANT 1133432}] [{OMX 19002 767070 BUY 0 WARRANT 1133432}] 1}
2025/02/06 11:29:53 main.go:45: Executing trades
2025/02/06 11:29:53 helpers.go:261: Executing trades
2025/02/06 11:29:53 helpers.go:265: Executing sell of assetID: 1804993 (underlyingID: 18989)
2025/02/06 11:29:53 main.go:48: Failed to execute trades. Exiting. Error: failed to execute sell of asset 1804993. Error: failed to place order: failed to place warrant order: unexpected status code: 500
2025/02/06 11:32:29 client.go:20: Loading auth.toml
2025/02/06 11:32:29 client.go:25: Loading config.toml
2025/02/06 11:32:29 client.go:31: Creating ApiClient
2025/02/06 11:32:29 calls.go:35: Fetching all positions
2025/02/06 11:32:29 helpers.go:16: Getting positions for account 0bEiJzLfZBvIQ1WTELD0ow
2025/02/06 11:32:30 helpers.go:62: Account positions fetched:
2025/02/06 11:32:30 helpers.go:63: {0bEiJzLfZBvIQ1WTELD0ow 1133432 {1332.9589 SEK} [{1133432-1387823 WARRANT MINI L DAX AVA 437 1387823 SEK 10 1095.8 1062.3 106.23 18981} {1133432-1804778 WARRANT MINI L GULD NORDNET 480 1804778 SEK 6 987 949.600002 158.266667 18986} {1133432-1804993 WARRANT MINI L KOPPAR NORDNET 345 1804993 SEK 36 846.36 800.200008 22.227778 18989} {1133432-1077534 WARRANT TLNG DJIA VT26 1077534 SEK 3 743.94 743.000001 247.666667 18985}]}
2025/02/06 11:32:30 helpers.go:68: Getting upcoming holdings
2025/02/06 11:32:30 helpers.go:122: Upcoming holdings fetched:
2025/02/06 11:32:30 helpers.go:123: [{DAX 18981 WARRANT 3} {Guld 18986 WARRANT 2} {OMX 19002 WARRANT 3} {DJI 18985 WARRANT 3} {CASH CASH CASH 1}]
2025/02/06 11:32:30 main.go:37: Getting trades
2025/02/06 11:32:30 helpers.go:128: Getting trades
2025/02/06 11:32:30 helpers.go:210: Finding suitable asset for underlyingID: 19002
2025/02/06 11:32:31 helpers.go:204: Trades fetched:
2025/02/06 11:32:31 helpers.go:205: {[{MINI L KOPPAR NORDNET 345 18989 1804993 SELL 36 WARRANT 1133432}] [{OMX 19002 767070 BUY 0 WARRANT 1133432}] 1}
2025/02/06 11:32:31 main.go:42: Trades fetched:
2025/02/06 11:32:31 main.go:43: {[{MINI L KOPPAR NORDNET 345 18989 1804993 SELL 36 WARRANT 1133432}] [{OMX 19002 767070 BUY 0 WARRANT 1133432}] 1}
2025/02/06 11:32:31 main.go:45: Executing trades
2025/02/06 11:32:31 helpers.go:261: Executing trades
2025/02/06 11:32:31 helpers.go:265: Executing sell of assetID: 1804993 (underlyingID: 18989)
2025/02/06 11:32:31 main.go:48: Failed to execute trades. Exiting. Error: failed to execute sell of asset 1804993. Error: failed to place order: failed to place warrant order: unexpected status code: 500
2025/02/06 11:32:41 client.go:20: Loading auth.toml
2025/02/06 11:32:41 client.go:25: Loading config.toml
2025/02/06 11:32:41 client.go:31: Creating ApiClient
2025/02/06 11:32:42 calls.go:35: Fetching all positions
2025/02/06 11:32:42 helpers.go:16: Getting positions for account 0bEiJzLfZBvIQ1WTELD0ow
2025/02/06 11:32:42 helpers.go:62: Account positions fetched:
2025/02/06 11:32:42 helpers.go:63: {0bEiJzLfZBvIQ1WTELD0ow 1133432 {1332.9589 SEK} [{1133432-1387823 WARRANT MINI L DAX AVA 437 1387823 SEK 10 1095.7 1062.3 106.23 18981} {1133432-1804778 WARRANT MINI L GULD NORDNET 480 1804778 SEK 6 987.24 949.600002 158.266667 18986} {1133432-1804993 WARRANT MINI L KOPPAR NORDNET 345 1804993 SEK 36 846 800.200008 22.227778 18989} {1133432-1077534 WARRANT TLNG DJIA VT26 1077534 SEK 3 744 743.000001 247.666667 18985}]}
2025/02/06 11:32:42 helpers.go:68: Getting upcoming holdings
2025/02/06 11:32:43 helpers.go:122: Upcoming holdings fetched:
2025/02/06 11:32:43 helpers.go:123: [{DAX 18981 WARRANT 3} {Guld 18986 WARRANT 2} {OMX 19002 WARRANT 3} {DJI 18985 WARRANT 3} {CASH CASH CASH 1}]
2025/02/06 11:32:43 main.go:37: Getting trades
2025/02/06 11:32:43 helpers.go:128: Getting trades
2025/02/06 11:32:43 helpers.go:210: Finding suitable asset for underlyingID: 19002
2025/02/06 11:32:43 helpers.go:204: Trades fetched:
2025/02/06 11:32:43 helpers.go:205: {[{MINI L KOPPAR NORDNET 345 18989 1804993 SELL 36 WARRANT 1133432}] [{OMX 19002 767070 BUY 0 WARRANT 1133432}] 1}
2025/02/06 11:32:43 main.go:42: Trades fetched:
2025/02/06 11:32:43 main.go:43: {[{MINI L KOPPAR NORDNET 345 18989 1804993 SELL 36 WARRANT 1133432}] [{OMX 19002 767070 BUY 0 WARRANT 1133432}] 1}
2025/02/06 11:32:43 main.go:45: Executing trades
2025/02/06 11:32:43 helpers.go:261: Executing trades
2025/02/06 11:32:43 helpers.go:265: Executing sell of assetID: 1804993 (underlyingID: 18989)
2025/02/06 11:32:43 main.go:48: Failed to execute trades. Exiting. Error: failed to execute sell of asset 1804993. Error: failed to place order: failed to place warrant order: unexpected status code: 500
2025/02/06 11:42:45 client.go:20: Loading auth.toml
2025/02/06 11:42:45 client.go:25: Loading config.toml
2025/02/06 11:42:45 client.go:31: Creating ApiClient
2025/02/06 11:42:46 calls.go:35: Fetching all positions
2025/02/06 11:42:46 helpers.go:16: Getting positions for account 0bEiJzLfZBvIQ1WTELD0ow
2025/02/06 11:42:46 helpers.go:62: Account positions fetched:
2025/02/06 11:42:46 helpers.go:63: {0bEiJzLfZBvIQ1WTELD0ow 1133432 {1332.9589 SEK} [{1133432-1387823 WARRANT MINI L DAX AVA 437 1387823 SEK 10 1097 1062.3 106.23 18981} {1133432-1804778 WARRANT MINI L GULD NORDNET 480 1804778 SEK 6 987.36 949.600002 158.266667 18986} {1133432-1804993 WARRANT MINI L KOPPAR NORDNET 345 1804993 SEK 36 843.12 800.200008 22.227778 18989} {1133432-1077534 WARRANT TLNG DJIA VT26 1077534 SEK 3 744.06 743.000001 247.666667 18985}]}
2025/02/06 11:42:46 helpers.go:68: Getting upcoming holdings
2025/02/06 11:42:47 helpers.go:122: Upcoming holdings fetched:
2025/02/06 11:42:47 helpers.go:123: [{DAX 18981 WARRANT 3} {Guld 18986 WARRANT 2} {OMX 19002 WARRANT 3} {DJI 18985 WARRANT 3} {CASH CASH CASH 1}]
2025/02/06 11:42:47 helpers.go:128: Getting trades
2025/02/06 11:42:47 helpers.go:210: Finding suitable asset for underlyingID: 19002
2025/02/06 11:42:47 helpers.go:204: Trades fetched:
2025/02/06 11:42:47 helpers.go:205: {[{MINI L KOPPAR NORDNET 345 18989 1804993 SELL 36 WARRANT 1133432}] [{OMX 19002 767070 BUY 0 WARRANT 1133432}] 1}
2025/02/06 11:42:47 helpers.go:261: Executing trades
2025/02/06 11:42:47 helpers.go:265: Executing sell of assetID: 1804993 (underlyingID: 18989)
2025/02/06 11:42:47 main.go:44: Failed to execute trades. Exiting. Error: failed to execute sell of asset 1804993. Error: failed to place order: failed to place warrant order: unexpected status code: 500
2025/02/06 11:43:53 client.go:20: Loading auth.toml
2025/02/06 11:43:53 client.go:25: Loading config.toml
2025/02/06 11:43:53 client.go:31: Creating ApiClient
2025/02/06 11:43:54 helpers.go:16: Getting positions for account 0bEiJzLfZBvIQ1WTELD0ow
2025/02/06 11:43:54 helpers.go:62: Account positions fetched:
2025/02/06 11:43:54 helpers.go:63: {0bEiJzLfZBvIQ1WTELD0ow 1133432 {1332.9589 SEK} [{1133432-1387823 WARRANT MINI L DAX AVA 437 1387823 SEK 10 1096 1062.3 106.23 18981} {1133432-1804778 WARRANT MINI L GULD NORDNET 480 1804778 SEK 6 987.66 949.600002 158.266667 18986} {1133432-1804993 WARRANT MINI L KOPPAR NORDNET 345 1804993 SEK 36 843.12 800.200008 22.227778 18989} {1133432-1077534 WARRANT TLNG DJIA VT26 1077534 SEK 3 744 743.000001 247.666667 18985}]}
2025/02/06 11:43:54 helpers.go:68: Getting upcoming holdings
2025/02/06 11:43:55 helpers.go:122: Upcoming holdings fetched:
2025/02/06 11:43:55 helpers.go:123: [{DAX 18981 WARRANT 3} {Guld 18986 WARRANT 2} {OMX 19002 WARRANT 3} {DJI 18985 WARRANT 3} {CASH CASH CASH 1}]
2025/02/06 11:43:55 helpers.go:128: Getting trades
2025/02/06 11:43:55 helpers.go:210: Finding suitable asset for underlyingID: 19002
2025/02/06 11:43:55 helpers.go:204: Trades fetched:
2025/02/06 11:43:55 helpers.go:205: {[{MINI L KOPPAR NORDNET 345 18989 1804993 SELL 36 WARRANT 1133432}] [{OMX 19002 767070 BUY 0 WARRANT 1133432}] 1}
2025/02/06 11:43:55 helpers.go:261: Executing trades
2025/02/06 11:43:55 helpers.go:265: Executing sell of assetID: 1804993 (underlyingID: 18989)
2025/02/06 11:43:55 main.go:44: Failed to execute trades. Exiting. Error: failed to execute sell of asset 1804993. Error: failed to place order: failed to place warrant order: unexpected status code: 500
2025/02/06 11:45:00 client.go:20: Loading auth.toml
2025/02/06 11:45:00 client.go:25: Loading config.toml
2025/02/06 11:45:00 client.go:31: Creating ApiClient
2025/02/06 11:45:01 helpers.go:16: Getting positions for account 0bEiJzLfZBvIQ1WTELD0ow
2025/02/06 11:45:01 helpers.go:62: Account positions fetched:
2025/02/06 11:45:01 helpers.go:63: {0bEiJzLfZBvIQ1WTELD0ow 1133432 {1332.9589 SEK} [{1133432-1387823 WARRANT MINI L DAX AVA 437 1387823 SEK 10 1096.2 1062.3 106.23 18981} {1133432-1804778 WARRANT MINI L GULD NORDNET 480 1804778 SEK 6 987.06 949.600002 158.266667 18986} {1133432-1804993 WARRANT MINI L KOPPAR NORDNET 345 1804993 SEK 36 843.12 800.200008 22.227778 18989} {1133432-1077534 WARRANT TLNG DJIA VT26 1077534 SEK 3 744.18 743.000001 247.666667 18985}]}
2025/02/06 11:45:01 helpers.go:68: Getting upcoming holdings
2025/02/06 11:45:02 helpers.go:122: Upcoming holdings fetched:
2025/02/06 11:45:02 helpers.go:123: [{DAX 18981 WARRANT 3} {Guld 18986 WARRANT 2} {OMX 19002 WARRANT 3} {DJI 18985 WARRANT 3} {CASH CASH CASH 1}]
2025/02/06 11:45:02 helpers.go:128: Getting trades
2025/02/06 11:45:02 helpers.go:210: Finding suitable asset for underlyingID: 19002
2025/02/06 11:45:02 helpers.go:204: Trades fetched:
2025/02/06 11:45:02 helpers.go:205: {[{MINI L KOPPAR NORDNET 345 18989 1804993 SELL 36 WARRANT 1133432}] [{OMX 19002 767070 BUY 0 WARRANT 1133432}] 1}
2025/02/06 11:45:02 helpers.go:261: Executing trades
2025/02/06 11:45:02 helpers.go:265: Executing sell of assetID: 1804993 (underlyingID: 18989)
2025/02/06 11:45:02 requests.go:85: &{500 Internal Server Error 500 HTTP/2.0 2 0 map[Avanza_trace_id:[5d19324e6ebe3f4d] Cache-Control:[no-cache, no-store, must-revalidate, private] Content-Type:[application/json] Date:[Thu, 06 Feb 2025 10:45:01 GMT] Pragma:[no-cache] Strict-Transport-Security:[max-age=31536000] Vary:[Accept-Encoding] X-Securitytoken:[dc68f9a9-1b53-45c4-a54f-f64b622585c6]] {0xc0002e8300} -1 [] false false map[] 0xc0002528c0 0xc0002003c0}
2025/02/06 11:45:02 main.go:44: Failed to execute trades. Exiting. Error: failed to execute sell of asset 1804993. Error: failed to place order: failed to place warrant order: unexpected status code: 500
2025/02/06 11:46:37 client.go:20: Loading auth.toml
2025/02/06 11:46:37 client.go:25: Loading config.toml
2025/02/06 11:46:37 client.go:31: Creating ApiClient
2025/02/06 11:46:38 helpers.go:16: Getting positions for account 0bEiJzLfZBvIQ1WTELD0ow
2025/02/06 11:46:38 helpers.go:62: Account positions fetched:
2025/02/06 11:46:38 helpers.go:63: {0bEiJzLfZBvIQ1WTELD0ow 1133432 {1332.9589 SEK} [{1133432-1387823 WARRANT MINI L DAX AVA 437 1387823 SEK 10 1096.3 1062.3 106.23 18981} {1133432-1804778 WARRANT MINI L GULD NORDNET 480 1804778 SEK 6 987.06 949.600002 158.266667 18986} {1133432-1804993 WARRANT MINI L KOPPAR NORDNET 345 1804993 SEK 36 843.48 800.200008 22.227778 18989} {1133432-1077534 WARRANT TLNG DJIA VT26 1077534 SEK 3 743.88 743.000001 247.666667 18985}]}
2025/02/06 11:46:38 helpers.go:68: Getting upcoming holdings
2025/02/06 11:46:39 helpers.go:122: Upcoming holdings fetched:
2025/02/06 11:46:39 helpers.go:123: [{DAX 18981 WARRANT 3} {Guld 18986 WARRANT 2} {OMX 19002 WARRANT 3} {DJI 18985 WARRANT 3} {CASH CASH CASH 1}]
2025/02/06 11:46:39 helpers.go:128: Getting trades
2025/02/06 11:46:39 helpers.go:210: Finding suitable asset for underlyingID: 19002
2025/02/06 11:46:39 helpers.go:204: Trades fetched:
2025/02/06 11:46:39 helpers.go:205: {[{MINI L KOPPAR NORDNET 345 18989 1804993 SELL 36 WARRANT 1133432}] [{OMX 19002 767070 BUY 0 WARRANT 1133432}] 1}
2025/02/06 11:46:39 helpers.go:261: Executing trades
2025/02/06 11:46:39 helpers.go:265: Executing sell of assetID: 1804993 (underlyingID: 18989)
2025/02/06 11:46:39 main.go:44: Failed to execute trades. Exiting. Error: failed to execute sell of asset 1804993. Error: failed to place order: failed to place warrant order: unexpected status code: 500
2025/02/06 11:59:33 client.go:20: Loading auth.toml
2025/02/06 11:59:33 client.go:25: Loading config.toml
2025/02/06 11:59:33 client.go:31: Creating ApiClient
2025/02/06 11:59:34 helpers.go:16: Getting positions for account 0bEiJzLfZBvIQ1WTELD0ow
2025/02/06 11:59:34 helpers.go:62: Account positions fetched:
2025/02/06 11:59:34 helpers.go:63: {0bEiJzLfZBvIQ1WTELD0ow 1133432 {1332.9589 SEK} [{1133432-1387823 WARRANT MINI L DAX AVA 437 1387823 SEK 10 1091.9 1062.3 106.23 18981} {1133432-1804778 WARRANT MINI L GULD NORDNET 480 1804778 SEK 6 985.92 949.600002 158.266667 18986} {1133432-1804993 WARRANT MINI L KOPPAR NORDNET 345 1804993 SEK 36 839.52 800.200008 22.227778 18989} {1133432-1077534 WARRANT TLNG DJIA VT26 1077534 SEK 3 742.68 743.000001 247.666667 18985}]}
2025/02/06 11:59:34 helpers.go:68: Getting upcoming holdings
2025/02/06 11:59:35 helpers.go:122: Upcoming holdings fetched:
2025/02/06 11:59:35 helpers.go:123: [{DAX 18981 WARRANT 3} {Guld 18986 WARRANT 2} {OMX 19002 WARRANT 3} {DJI 18985 WARRANT 3} {CASH CASH CASH 1}]
2025/02/06 11:59:35 helpers.go:128: Getting trades
2025/02/06 11:59:35 helpers.go:210: Finding suitable asset for underlyingID: 19002
2025/02/06 11:59:35 helpers.go:204: Trades fetched:
2025/02/06 11:59:35 helpers.go:205: {[{MINI L KOPPAR NORDNET 345 18989 1804993 SELL 36 WARRANT 1133432}] [{OMX 19002 767070 BUY 0 WARRANT 1133432}] 1}
2025/02/06 11:59:35 helpers.go:261: Executing trades
2025/02/06 11:59:35 helpers.go:265: Executing sell of assetID: 1804993 (underlyingID: 18989)
2025/02/06 11:59:35 main.go:44: Failed to execute trades. Exiting. Error: failed to execute sell of asset 1804993. Error: failed to get requestID: failed to get requestID: failed to unmarshal response: invalid character 'b' after top-level value
2025/02/06 12:00:20 client.go:20: Loading auth.toml
2025/02/06 12:00:20 client.go:25: Loading config.toml
2025/02/06 12:00:20 client.go:31: Creating ApiClient
2025/02/06 12:00:20 helpers.go:16: Getting positions for account 0bEiJzLfZBvIQ1WTELD0ow
2025/02/06 12:00:21 helpers.go:62: Account positions fetched:
2025/02/06 12:00:21 helpers.go:63: {0bEiJzLfZBvIQ1WTELD0ow 1133432 {1332.9589 SEK} [{1133432-1387823 WARRANT MINI L DAX AVA 437 1387823 SEK 10 1092.4 1062.3 106.23 18981} {1133432-1804778 WARRANT MINI L GULD NORDNET 480 1804778 SEK 6 985.56 949.600002 158.266667 18986} {1133432-1804993 WARRANT MINI L KOPPAR NORDNET 345 1804993 SEK 36 838.8 800.200008 22.227778 18989} {1133432-1077534 WARRANT TLNG DJIA VT26 1077534 SEK 3 742.62 743.000001 247.666667 18985}]}
2025/02/06 12:00:21 helpers.go:68: Getting upcoming holdings
2025/02/06 12:00:22 helpers.go:122: Upcoming holdings fetched:
2025/02/06 12:00:22 helpers.go:123: [{DAX 18981 WARRANT 3} {Guld 18986 WARRANT 2} {OMX 19002 WARRANT 3} {DJI 18985 WARRANT 3} {CASH CASH CASH 1}]
2025/02/06 12:00:22 helpers.go:128: Getting trades
2025/02/06 12:00:22 helpers.go:210: Finding suitable asset for underlyingID: 19002
2025/02/06 12:00:22 helpers.go:204: Trades fetched:
2025/02/06 12:00:22 helpers.go:205: {[{MINI L KOPPAR NORDNET 345 18989 1804993 SELL 36 WARRANT 1133432}] [{OMX 19002 767070 BUY 0 WARRANT 1133432}] 1}
2025/02/06 12:00:22 helpers.go:261: Executing trades
2025/02/06 12:00:22 helpers.go:265: Executing sell of assetID: 1804993 (underlyingID: 18989)
2025/02/06 12:00:22 main.go:44: Failed to execute trades. Exiting. Error: failed to execute sell of asset 1804993. Error: failed to get requestID: failed to get requestID: failed to unmarshal response: invalid character 'd' after top-level value
2025/02/06 12:00:31 client.go:20: Loading auth.toml
2025/02/06 12:00:31 client.go:25: Loading config.toml
2025/02/06 12:00:31 client.go:31: Creating ApiClient
2025/02/06 12:00:31 helpers.go:16: Getting positions for account 0bEiJzLfZBvIQ1WTELD0ow
2025/02/06 12:00:32 helpers.go:62: Account positions fetched:
2025/02/06 12:00:32 helpers.go:63: {0bEiJzLfZBvIQ1WTELD0ow 1133432 {1332.9589 SEK} [{1133432-1387823 WARRANT MINI L DAX AVA 437 1387823 SEK 10 1092.5 1062.3 106.23 18981} {1133432-1804778 WARRANT MINI L GULD NORDNET 480 1804778 SEK 6 985.86 949.600002 158.266667 18986} {1133432-1804993 WARRANT MINI L KOPPAR NORDNET 345 1804993 SEK 36 838.8 800.200008 22.227778 18989} {1133432-1077534 WARRANT TLNG DJIA VT26 1077534 SEK 3 742.38 743.000001 247.666667 18985}]}
2025/02/06 12:00:32 helpers.go:68: Getting upcoming holdings
2025/02/06 12:00:32 helpers.go:122: Upcoming holdings fetched:
2025/02/06 12:00:32 helpers.go:123: [{DAX 18981 WARRANT 3} {Guld 18986 WARRANT 2} {OMX 19002 WARRANT 3} {DJI 18985 WARRANT 3} {CASH CASH CASH 1}]
2025/02/06 12:00:32 helpers.go:128: Getting trades
2025/02/06 12:00:32 helpers.go:210: Finding suitable asset for underlyingID: 19002
2025/02/06 12:00:33 helpers.go:204: Trades fetched:
2025/02/06 12:00:33 helpers.go:205: {[{MINI L KOPPAR NORDNET 345 18989 1804993 SELL 36 WARRANT 1133432}] [{OMX 19002 767070 BUY 0 WARRANT 1133432}] 1}
2025/02/06 12:00:33 helpers.go:261: Executing trades
2025/02/06 12:00:33 helpers.go:265: Executing sell of assetID: 1804993 (underlyingID: 18989)
2025/02/06 12:00:33 main.go:44: Failed to execute trades. Exiting. Error: failed to execute sell of asset 1804993. Error: failed to get requestID: failed to get requestID: failed to unmarshal response: invalid character 'a' looking for beginning of value
2025/02/06 12:15:34 client.go:20: Loading auth.toml
2025/02/06 12:15:34 client.go:25: Loading config.toml
2025/02/06 12:15:34 client.go:31: Creating ApiClient
2025/02/06 12:15:34 helpers.go:16: Getting positions for account 0bEiJzLfZBvIQ1WTELD0ow
2025/02/06 12:15:34 helpers.go:62: Account positions fetched:
2025/02/06 12:15:34 helpers.go:63: {0bEiJzLfZBvIQ1WTELD0ow 1133432 {1332.9589 SEK} [{1133432-1387823 WARRANT MINI L DAX AVA 437 1387823 SEK 10 1091.1 1062.3 106.23 18981} {1133432-1804778 WARRANT MINI L GULD NORDNET 480 1804778 SEK 6 986.88 949.600002 158.266667 18986} {1133432-1804993 WARRANT MINI L KOPPAR NORDNET 345 1804993 SEK 36 838.8 800.200008 22.227778 18989} {1133432-1077534 WARRANT TLNG DJIA VT26 1077534 SEK 3 739.14 743.000001 247.666667 18985}]}
2025/02/06 12:15:34 helpers.go:68: Getting upcoming holdings
2025/02/06 12:15:35 helpers.go:122: Upcoming holdings fetched:
2025/02/06 12:15:35 helpers.go:123: [{DAX 18981 WARRANT 3} {Guld 18986 WARRANT 2} {OMX 19002 WARRANT 3} {DJI 18985 WARRANT 3} {CASH CASH CASH 1}]
2025/02/06 12:15:35 helpers.go:128: Getting trades
2025/02/06 12:15:35 helpers.go:210: Finding suitable asset for underlyingID: 19002
2025/02/06 12:15:35 helpers.go:204: Trades fetched:
2025/02/06 12:15:35 helpers.go:205: {[{MINI L KOPPAR NORDNET 345 18989 1804993 SELL 36 WARRANT 1133432}] [{OMX 19002 767070 BUY 0 WARRANT 1133432}] 1}
2025/02/06 12:15:35 helpers.go:261: Executing trades
2025/02/06 12:15:35 helpers.go:265: Executing sell of assetID: 1804993 (underlyingID: 18989)
2025/02/06 12:15:35 main.go:44: Failed to execute trades. Exiting. Error: failed to execute sell of asset 1804993. Error: failed to get requestID: failed to get requestID: failed to unmarshal response: invalid character 'a' after top-level value
2025/02/06 12:16:02 client.go:20: Loading auth.toml
2025/02/06 12:16:02 client.go:25: Loading config.toml
2025/02/06 12:16:02 client.go:31: Creating ApiClient
2025/02/06 12:16:03 helpers.go:16: Getting positions for account 0bEiJzLfZBvIQ1WTELD0ow
2025/02/06 12:16:03 helpers.go:62: Account positions fetched:
2025/02/06 12:16:03 helpers.go:63: {0bEiJzLfZBvIQ1WTELD0ow 1133432 {1332.9589 SEK} [{1133432-1387823 WARRANT MINI L DAX AVA 437 1387823 SEK 10 1091.7 1062.3 106.23 18981} {1133432-1804778 WARRANT MINI L GULD NORDNET 480 1804778 SEK 6 986.88 949.600002 158.266667 18986} {1133432-1804993 WARRANT MINI L KOPPAR NORDNET 345 1804993 SEK 36 839.52 800.200008 22.227778 18989} {1133432-1077534 WARRANT TLNG DJIA VT26 1077534 SEK 3 739.26 743.000001 247.666667 18985}]}
2025/02/06 12:16:03 helpers.go:68: Getting upcoming holdings
2025/02/06 12:16:04 helpers.go:122: Upcoming holdings fetched:
2025/02/06 12:16:04 helpers.go:123: [{DAX 18981 WARRANT 3} {Guld 18986 WARRANT 2} {OMX 19002 WARRANT 3} {DJI 18985 WARRANT 3} {CASH CASH CASH 1}]
2025/02/06 12:16:04 helpers.go:128: Getting trades
2025/02/06 12:16:04 helpers.go:210: Finding suitable asset for underlyingID: 19002
2025/02/06 12:16:04 helpers.go:204: Trades fetched:
2025/02/06 12:16:04 helpers.go:205: {[{MINI L KOPPAR NORDNET 345 18989 1804993 SELL 36 WARRANT 1133432}] [{OMX 19002 767070 BUY 0 WARRANT 1133432}] 1}
2025/02/06 12:16:04 helpers.go:261: Executing trades
2025/02/06 12:16:04 helpers.go:265: Executing sell of assetID: 1804993 (underlyingID: 18989)
2025/02/06 12:16:05 main.go:44: Failed to execute trades. Exiting. Error: failed to execute sell of asset 1804993. Error: failed to get requestID: failed to get requestID: failed to unmarshal response: invalid character 'd' after top-level value
2025/02/06 12:17:08 client.go:20: Loading auth.toml
2025/02/06 12:17:08 client.go:25: Loading config.toml
2025/02/06 12:17:08 client.go:31: Creating ApiClient
2025/02/06 12:17:08 helpers.go:16: Getting positions for account 0bEiJzLfZBvIQ1WTELD0ow
2025/02/06 12:17:08 helpers.go:62: Account positions fetched:
2025/02/06 12:17:08 helpers.go:63: {0bEiJzLfZBvIQ1WTELD0ow 1133432 {1332.9589 SEK} [{1133432-1387823 WARRANT MINI L DAX AVA 437 1387823 SEK 10 1092.3 1062.3 106.23 18981} {1133432-1804778 WARRANT MINI L GULD NORDNET 480 1804778 SEK 6 986.64 949.600002 158.266667 18986} {1133432-1804993 WARRANT MINI L KOPPAR NORDNET 345 1804993 SEK 36 839.52 800.200008 22.227778 18989} {1133432-1077534 WARRANT TLNG DJIA VT26 1077534 SEK 3 738.87 743.000001 247.666667 18985}]}
2025/02/06 12:17:08 helpers.go:68: Getting upcoming holdings
2025/02/06 12:17:09 helpers.go:122: Upcoming holdings fetched:
2025/02/06 12:17:09 helpers.go:123: [{DAX 18981 WARRANT 3} {Guld 18986 WARRANT 2} {OMX 19002 WARRANT 3} {DJI 18985 WARRANT 3} {CASH CASH CASH 1}]
2025/02/06 12:17:09 helpers.go:128: Getting trades
2025/02/06 12:17:09 helpers.go:210: Finding suitable asset for underlyingID: 19002
2025/02/06 12:17:09 helpers.go:204: Trades fetched:
2025/02/06 12:17:09 helpers.go:205: {[{MINI L KOPPAR NORDNET 345 18989 1804993 SELL 36 WARRANT 1133432}] [{OMX 19002 767070 BUY 0 WARRANT 1133432}] 1}
2025/02/06 12:17:09 helpers.go:261: Executing trades
2025/02/06 12:17:09 helpers.go:265: Executing sell of assetID: 1804993 (underlyingID: 18989)
2025/02/06 12:17:09 main.go:44: Failed to execute trades. Exiting. Error: failed to execute sell of asset 1804993. Error: failed to get requestID: failed to get requestID: failed to read string from response body: invalid character 'd' after top-level value
2025/02/06 12:19:22 client.go:20: Loading auth.toml
2025/02/06 12:19:22 client.go:25: Loading config.toml
2025/02/06 12:19:22 client.go:31: Creating ApiClient
2025/02/06 12:19:22 helpers.go:16: Getting positions for account 0bEiJzLfZBvIQ1WTELD0ow
2025/02/06 12:19:23 helpers.go:62: Account positions fetched:
2025/02/06 12:19:23 helpers.go:63: {0bEiJzLfZBvIQ1WTELD0ow 1133432 {1332.9589 SEK} [{1133432-1387823 WARRANT MINI L DAX AVA 437 1387823 SEK 10 1092.4 1062.3 106.23 18981} {1133432-1804778 WARRANT MINI L GULD NORDNET 480 1804778 SEK 6 987 949.600002 158.266667 18986} {1133432-1804993 WARRANT MINI L KOPPAR NORDNET 345 1804993 SEK 36 838.8 800.200008 22.227778 18989} {1133432-1077534 WARRANT TLNG DJIA VT26 1077534 SEK 3 738.09 743.000001 247.666667 18985}]}
2025/02/06 12:19:23 helpers.go:68: Getting upcoming holdings
2025/02/06 12:19:23 helpers.go:122: Upcoming holdings fetched:
2025/02/06 12:19:23 helpers.go:123: [{DAX 18981 WARRANT 3} {Guld 18986 WARRANT 2} {OMX 19002 WARRANT 3} {DJI 18985 WARRANT 3} {CASH CASH CASH 1}]
2025/02/06 12:19:23 helpers.go:128: Getting trades
2025/02/06 12:19:23 helpers.go:210: Finding suitable asset for underlyingID: 19002
2025/02/06 12:19:24 helpers.go:204: Trades fetched:
2025/02/06 12:19:24 helpers.go:205: {[{MINI L KOPPAR NORDNET 345 18989 1804993 SELL 36 WARRANT 1133432}] [{OMX 19002 767070 BUY 0 WARRANT 1133432}] 1}
2025/02/06 12:19:24 helpers.go:261: Executing trades
2025/02/06 12:19:24 helpers.go:265: Executing sell of assetID: 1804993 (underlyingID: 18989)
2025/02/06 12:20:01 client.go:20: Loading auth.toml
2025/02/06 12:20:01 client.go:25: Loading config.toml
2025/02/06 12:20:01 client.go:31: Creating ApiClient
2025/02/06 12:20:02 helpers.go:16: Getting positions for account 0bEiJzLfZBvIQ1WTELD0ow
2025/02/06 12:20:02 helpers.go:62: Account positions fetched:
2025/02/06 12:20:02 helpers.go:63: {0bEiJzLfZBvIQ1WTELD0ow 1133432 {1332.9589 SEK} [{1133432-1387823 WARRANT MINI L DAX AVA 437 1387823 SEK 10 1091.8 1062.3 106.23 18981} {1133432-1804778 WARRANT MINI L GULD NORDNET 480 1804778 SEK 6 987.54 949.600002 158.266667 18986} {1133432-1804993 WARRANT MINI L KOPPAR NORDNET 345 1804993 SEK 36 838.8 800.200008 22.227778 18989} {1133432-1077534 WARRANT TLNG DJIA VT26 1077534 SEK 3 738.66 743.000001 247.666667 18985}]}
2025/02/06 12:20:02 helpers.go:68: Getting upcoming holdings
2025/02/06 12:20:03 helpers.go:122: Upcoming holdings fetched:
2025/02/06 12:20:03 helpers.go:123: [{DAX 18981 WARRANT 3} {Guld 18986 WARRANT 2} {OMX 19002 WARRANT 3} {DJI 18985 WARRANT 3} {CASH CASH CASH 1}]
2025/02/06 12:20:03 helpers.go:128: Getting trades
2025/02/06 12:20:03 helpers.go:210: Finding suitable asset for underlyingID: 19002
2025/02/06 12:20:03 helpers.go:204: Trades fetched:
2025/02/06 12:20:03 helpers.go:205: {[{MINI L KOPPAR NORDNET 345 18989 1804993 SELL 36 WARRANT 1133432}] [{OMX 19002 767070 BUY 0 WARRANT 1133432}] 1}
2025/02/06 12:20:03 helpers.go:261: Executing trades
2025/02/06 12:20:03 helpers.go:265: Executing sell of assetID: 1804993 (underlyingID: 18989)
2025/02/06 12:20:56 client.go:20: Loading auth.toml
2025/02/06 12:20:56 client.go:25: Loading config.toml
2025/02/06 12:20:56 client.go:31: Creating ApiClient
2025/02/06 12:20:57 helpers.go:16: Getting positions for account 0bEiJzLfZBvIQ1WTELD0ow
2025/02/06 12:20:57 helpers.go:62: Account positions fetched:
2025/02/06 12:20:57 helpers.go:63: {0bEiJzLfZBvIQ1WTELD0ow 1133432 {1332.9589 SEK} [{1133432-1387823 WARRANT MINI L DAX AVA 437 1387823 SEK 10 1091.4 1062.3 106.23 18981} {1133432-1804778 WARRANT MINI L GULD NORDNET 480 1804778 SEK 6 986.82 949.600002 158.266667 18986} {1133432-1804993 WARRANT MINI L KOPPAR NORDNET 345 1804993 SEK 36 839.52 800.200008 22.227778 18989} {1133432-1077534 WARRANT TLNG DJIA VT26 1077534 SEK 3 738.24 743.000001 247.666667 18985}]}
2025/02/06 12:20:57 helpers.go:68: Getting upcoming holdings
2025/02/06 12:20:58 helpers.go:122: Upcoming holdings fetched:
2025/02/06 12:20:58 helpers.go:123: [{DAX 18981 WARRANT 3} {Guld 18986 WARRANT 2} {OMX 19002 WARRANT 3} {DJI 18985 WARRANT 3} {CASH CASH CASH 1}]
2025/02/06 12:20:58 helpers.go:128: Getting trades
2025/02/06 12:20:58 helpers.go:210: Finding suitable asset for underlyingID: 19002
2025/02/06 12:20:58 helpers.go:204: Trades fetched:
2025/02/06 12:20:58 helpers.go:205: {[{MINI L KOPPAR NORDNET 345 18989 1804993 SELL 36 WARRANT 1133432}] [{OMX 19002 767070 BUY 0 WARRANT 1133432}] 1}
2025/02/06 12:20:58 helpers.go:261: Executing trades
2025/02/06 12:20:58 helpers.go:265: Executing sell of assetID: 1804993 (underlyingID: 18989)
2025/02/06 12:21:17 client.go:20: Loading auth.toml
2025/02/06 12:21:17 client.go:25: Loading config.toml
2025/02/06 12:21:17 client.go:31: Creating ApiClient
2025/02/06 12:21:17 helpers.go:16: Getting positions for account 0bEiJzLfZBvIQ1WTELD0ow
2025/02/06 12:21:18 helpers.go:62: Account positions fetched:
2025/02/06 12:21:18 helpers.go:63: {0bEiJzLfZBvIQ1WTELD0ow 1133432 {1332.9589 SEK} [{1133432-1387823 WARRANT MINI L DAX AVA 437 1387823 SEK 10 1091.2 1062.3 106.23 18981} {1133432-1804778 WARRANT MINI L GULD NORDNET 480 1804778 SEK 6 986.76 949.600002 158.266667 18986} {1133432-1804993 WARRANT MINI L KOPPAR NORDNET 345 1804993 SEK 36 839.16 800.200008 22.227778 18989} {1133432-1077534 WARRANT TLNG DJIA VT26 1077534 SEK 3 738.45 743.000001 247.666667 18985}]}
2025/02/06 12:21:18 helpers.go:68: Getting upcoming holdings
2025/02/06 12:21:18 helpers.go:122: Upcoming holdings fetched:
2025/02/06 12:21:18 helpers.go:123: [{DAX 18981 WARRANT 3} {Guld 18986 WARRANT 2} {OMX 19002 WARRANT 3} {DJI 18985 WARRANT 3} {CASH CASH CASH 1}]
2025/02/06 12:21:18 helpers.go:128: Getting trades
2025/02/06 12:21:18 helpers.go:210: Finding suitable asset for underlyingID: 19002
2025/02/06 12:21:19 helpers.go:204: Trades fetched:
2025/02/06 12:21:19 helpers.go:205: {[{MINI L KOPPAR NORDNET 345 18989 1804993 SELL 36 WARRANT 1133432}] [{OMX 19002 767070 BUY 0 WARRANT 1133432}] 1}
2025/02/06 12:21:19 helpers.go:261: Executing trades
2025/02/06 12:21:19 helpers.go:265: Executing sell of assetID: 1804993 (underlyingID: 18989)
2025/02/06 12:21:19 main.go:44: Failed to execute trades. Exiting. Error: failed to execute sell of asset 1804993. Error: failed to place order: failed to place warrant order: unexpected status code: 500
2025/02/06 12:26:34 client.go:20: Loading auth.toml
2025/02/06 12:26:34 client.go:25: Loading config.toml
2025/02/06 12:26:34 client.go:31: Creating ApiClient
2025/02/06 12:26:35 helpers.go:16: Getting positions for account 0bEiJzLfZBvIQ1WTELD0ow
2025/02/06 12:26:35 helpers.go:62: Account positions fetched:
2025/02/06 12:26:35 helpers.go:63: {0bEiJzLfZBvIQ1WTELD0ow 1133432 {1332.9589 SEK} [{1133432-1387823 WARRANT MINI L DAX AVA 437 1387823 SEK 10 1094.2 1062.3 106.23 18981} {1133432-1804778 WARRANT MINI L GULD NORDNET 480 1804778 SEK 6 985.62 949.600002 158.266667 18986} {1133432-1804993 WARRANT MINI L KOPPAR NORDNET 345 1804993 SEK 36 839.16 800.200008 22.227778 18989} {1133432-1077534 WARRANT TLNG DJIA VT26 1077534 SEK 3 738.39 743.000001 247.666667 18985}]}
2025/02/06 12:26:35 helpers.go:68: Getting upcoming holdings
2025/02/06 12:26:35 helpers.go:122: Upcoming holdings fetched:
2025/02/06 12:26:35 helpers.go:123: [{DAX 18981 WARRANT 3} {Guld 18986 WARRANT 2} {OMX 19002 WARRANT 3} {DJI 18985 WARRANT 3} {CASH CASH CASH 1}]
2025/02/06 12:26:35 helpers.go:128: Getting trades
2025/02/06 12:26:35 helpers.go:210: Finding suitable asset for underlyingID: 19002
2025/02/06 12:26:36 helpers.go:204: Trades fetched:
2025/02/06 12:26:36 helpers.go:205: {[{MINI L KOPPAR NORDNET 345 18989 1804993 SELL 36 WARRANT 1133432}] [{OMX 19002 767070 BUY 0 WARRANT 1133432}] 1}
2025/02/06 12:26:36 helpers.go:261: Executing trades
2025/02/06 12:26:36 helpers.go:265: Executing sell of assetID: 1804993 (underlyingID: 18989)
2025/02/06 12:26:36 main.go:44: Failed to execute trades. Exiting. Error: failed to execute sell of asset 1804993. Error: failed to place order: %!w(<nil>)
2025/02/06 12:27:49 client.go:20: Loading auth.toml
2025/02/06 12:27:49 client.go:25: Loading config.toml
2025/02/06 12:27:49 client.go:31: Creating ApiClient
2025/02/06 12:27:50 helpers.go:16: Getting positions for account 0bEiJzLfZBvIQ1WTELD0ow
2025/02/06 12:27:50 helpers.go:62: Account positions fetched:
2025/02/06 12:27:50 helpers.go:63: {0bEiJzLfZBvIQ1WTELD0ow 1133432 {1332.9589 SEK} [{1133432-1387823 WARRANT MINI L DAX AVA 437 1387823 SEK 10 1094.1 1062.3 106.23 18981} {1133432-1804778 WARRANT MINI L GULD NORDNET 480 1804778 SEK 6 985.74 949.600002 158.266667 18986} {1133432-1804993 WARRANT MINI L KOPPAR NORDNET 345 1804993 SEK 36 838.44 800.200008 22.227778 18989} {1133432-1077534 WARRANT TLNG DJIA VT26 1077534 SEK 3 738.45 743.000001 247.666667 18985}]}
2025/02/06 12:27:50 helpers.go:68: Getting upcoming holdings
2025/02/06 12:27:51 helpers.go:122: Upcoming holdings fetched:
2025/02/06 12:27:51 helpers.go:123: [{DAX 18981 WARRANT 3} {Guld 18986 WARRANT 2} {OMX 19002 WARRANT 3} {DJI 18985 WARRANT 3} {CASH CASH CASH 1}]
2025/02/06 12:27:51 helpers.go:128: Getting trades
2025/02/06 12:27:51 helpers.go:210: Finding suitable asset for underlyingID: 19002
2025/02/06 12:27:51 helpers.go:204: Trades fetched:
2025/02/06 12:27:51 helpers.go:205: {[{MINI L KOPPAR NORDNET 345 18989 1804993 SELL 36 WARRANT 1133432}] [{OMX 19002 767070 BUY 0 WARRANT 1133432}] 1}
2025/02/06 12:27:51 helpers.go:261: Executing trades
2025/02/06 12:27:51 helpers.go:265: Executing sell of assetID: 1804993 (underlyingID: 18989)
2025/02/06 12:27:51 main.go:44: Failed to execute trades. Exiting. Error: failed to execute sell of asset 1804993. Error: failed to place order: %!w(<nil>)
2025/02/06 12:35:42 client.go:20: Loading auth.toml
2025/02/06 12:35:42 client.go:25: Loading config.toml
2025/02/06 12:35:42 client.go:31: Creating ApiClient
2025/02/06 12:35:42 helpers.go:16: Getting positions for account 0bEiJzLfZBvIQ1WTELD0ow
2025/02/06 12:35:43 helpers.go:62: Account positions fetched:
2025/02/06 12:35:43 helpers.go:63: {0bEiJzLfZBvIQ1WTELD0ow 1133432 {1332.9589 SEK} [{1133432-1387823 WARRANT MINI L DAX AVA 437 1387823 SEK 10 1092.4 1062.3 106.23 18981} {1133432-1804778 WARRANT MINI L GULD NORDNET 480 1804778 SEK 6 986.76 949.600002 158.266667 18986} {1133432-1804993 WARRANT MINI L KOPPAR NORDNET 345 1804993 SEK 36 835.92 800.200008 22.227778 18989} {1133432-1077534 WARRANT TLNG DJIA VT26 1077534 SEK 3 738.6 743.000001 247.666667 18985}]}
2025/02/06 12:35:43 helpers.go:68: Getting upcoming holdings
2025/02/06 12:35:43 helpers.go:122: Upcoming holdings fetched:
2025/02/06 12:35:43 helpers.go:123: [{DAX 18981 WARRANT 3} {Guld 18986 WARRANT 2} {OMX 19002 WARRANT 3} {DJI 18985 WARRANT 3} {CASH CASH CASH 1}]
2025/02/06 12:35:43 helpers.go:128: Getting trades
2025/02/06 12:35:43 helpers.go:210: Finding suitable asset for underlyingID: 19002
2025/02/06 12:35:43 helpers.go:204: Trades fetched:
2025/02/06 12:35:43 helpers.go:205: {[{MINI L KOPPAR NORDNET 345 18989 1804993 SELL 36 WARRANT 1133432}] [{OMX 19002 767070 BUY 0 WARRANT 1133432}] 1}
2025/02/06 12:35:43 helpers.go:261: Executing trades
2025/02/06 12:35:43 helpers.go:265: Executing sell of assetID: 1804993 (underlyingID: 18989)
2025/02/06 12:35:43 main.go:44: Failed to execute trades. Exiting. Error: failed to execute sell of asset 1804993. Error: failed to place order: failed to place warrant order: unexpected status code: 400
2025/02/06 12:36:18 client.go:20: Loading auth.toml
2025/02/06 12:36:18 client.go:25: Loading config.toml
2025/02/06 12:36:18 client.go:31: Creating ApiClient
2025/02/06 12:36:19 helpers.go:16: Getting positions for account 0bEiJzLfZBvIQ1WTELD0ow
2025/02/06 12:36:19 helpers.go:62: Account positions fetched:
2025/02/06 12:36:19 helpers.go:63: {0bEiJzLfZBvIQ1WTELD0ow 1133432 {1332.9589 SEK} [{1133432-1387823 WARRANT MINI L DAX AVA 437 1387823 SEK 10 1092.2 1062.3 106.23 18981} {1133432-1804778 WARRANT MINI L GULD NORDNET 480 1804778 SEK 6 987.78 949.600002 158.266667 18986} {1133432-1804993 WARRANT MINI L KOPPAR NORDNET 345 1804993 SEK 36 835.56 800.200008 22.227778 18989} {1133432-1077534 WARRANT TLNG DJIA VT26 1077534 SEK 3 738.72 743.000001 247.666667 18985}]}
2025/02/06 12:36:19 helpers.go:68: Getting upcoming holdings
2025/02/06 12:36:20 helpers.go:122: Upcoming holdings fetched:
2025/02/06 12:36:20 helpers.go:123: [{DAX 18981 WARRANT 3} {Guld 18986 WARRANT 2} {OMX 19002 WARRANT 3} {DJI 18985 WARRANT 3} {CASH CASH CASH 1}]
2025/02/06 12:36:20 helpers.go:128: Getting trades
2025/02/06 12:36:20 helpers.go:210: Finding suitable asset for underlyingID: 19002
2025/02/06 12:36:20 helpers.go:204: Trades fetched:
2025/02/06 12:36:20 helpers.go:205: {[{MINI L KOPPAR NORDNET 345 18989 1804993 SELL 36 WARRANT 1133432}] [{OMX 19002 767070 BUY 0 WARRANT 1133432}] 1}
2025/02/06 12:36:20 helpers.go:261: Executing trades
2025/02/06 12:36:20 helpers.go:265: Executing sell of assetID: 1804993 (underlyingID: 18989)
2025/02/06 12:36:20 main.go:44: Failed to execute trades. Exiting. Error: failed to execute sell of asset 1804993. Error: failed to place order: failed to place warrant order: unexpected status code: 400
2025/02/06 12:36:26 client.go:20: Loading auth.toml
2025/02/06 12:36:26 client.go:25: Loading config.toml
2025/02/06 12:36:26 client.go:31: Creating ApiClient
2025/02/06 12:36:27 main.go:16: Error starting client: failed to create client: failed to get credentials: failed to make 2fa_auth request: unexpected status code: 401
2025/02/06 12:36:41 client.go:20: Loading auth.toml
2025/02/06 12:36:41 client.go:25: Loading config.toml
2025/02/06 12:36:41 client.go:31: Creating ApiClient
2025/02/06 12:36:42 helpers.go:16: Getting positions for account 0bEiJzLfZBvIQ1WTELD0ow
2025/02/06 12:36:42 helpers.go:62: Account positions fetched:
2025/02/06 12:36:42 helpers.go:63: {0bEiJzLfZBvIQ1WTELD0ow 1133432 {1332.9589 SEK} [{1133432-1387823 WARRANT MINI L DAX AVA 437 1387823 SEK 10 1092.1 1062.3 106.23 18981} {1133432-1804778 WARRANT MINI L GULD NORDNET 480 1804778 SEK 6 987.54 949.600002 158.266667 18986} {1133432-1804993 WARRANT MINI L KOPPAR NORDNET 345 1804993 SEK 36 836.28 800.200008 22.227778 18989} {1133432-1077534 WARRANT TLNG DJIA VT26 1077534 SEK 3 738.57 743.000001 247.666667 18985}]}
2025/02/06 12:36:42 helpers.go:68: Getting upcoming holdings
2025/02/06 12:36:43 helpers.go:122: Upcoming holdings fetched:
2025/02/06 12:36:43 helpers.go:123: [{DAX 18981 WARRANT 3} {Guld 18986 WARRANT 2} {OMX 19002 WARRANT 3} {DJI 18985 WARRANT 3} {CASH CASH CASH 1}]
2025/02/06 12:36:43 helpers.go:128: Getting trades
2025/02/06 12:36:43 helpers.go:210: Finding suitable asset for underlyingID: 19002
2025/02/06 12:36:43 helpers.go:204: Trades fetched:
2025/02/06 12:36:43 helpers.go:205: {[{MINI L KOPPAR NORDNET 345 18989 1804993 SELL 36 WARRANT 1133432}] [{OMX 19002 767070 BUY 0 WARRANT 1133432}] 1}
2025/02/06 12:36:43 helpers.go:261: Executing trades
2025/02/06 12:36:43 helpers.go:265: Executing sell of assetID: 1804993 (underlyingID: 18989)
2025/02/06 12:36:43 main.go:44: Failed to execute trades. Exiting. Error: failed to execute sell of asset 1804993. Error: failed to place order: %!w(<nil>)
2025/02/06 12:43:42 client.go:20: Loading auth.toml
2025/02/06 12:43:42 client.go:25: Loading config.toml
2025/02/06 12:43:42 client.go:31: Creating ApiClient
2025/02/06 12:43:42 helpers.go:16: Getting positions for account 0bEiJzLfZBvIQ1WTELD0ow
2025/02/06 12:43:42 helpers.go:62: Account positions fetched:
2025/02/06 12:43:42 helpers.go:63: {0bEiJzLfZBvIQ1WTELD0ow 1133432 {1332.9589 SEK} [{1133432-1387823 WARRANT MINI L DAX AVA 437 1387823 SEK 10 1092.3 1062.3 106.23 18981} {1133432-1804778 WARRANT MINI L GULD NORDNET 480 1804778 SEK 6 988.86 949.600002 158.266667 18986} {1133432-1804993 WARRANT MINI L KOPPAR NORDNET 345 1804993 SEK 36 837.72 800.200008 22.227778 18989} {1133432-1077534 WARRANT TLNG DJIA VT26 1077534 SEK 3 737.88 743.000001 247.666667 18985}]}
2025/02/06 12:43:42 helpers.go:68: Getting upcoming holdings
2025/02/06 12:43:43 helpers.go:122: Upcoming holdings fetched:
2025/02/06 12:43:43 helpers.go:123: [{DAX 18981 WARRANT 3} {Guld 18986 WARRANT 2} {OMX 19002 WARRANT 3} {DJI 18985 WARRANT 3} {CASH CASH CASH 1}]
2025/02/06 12:43:43 helpers.go:128: Getting trades
2025/02/06 12:43:43 helpers.go:210: Finding suitable asset for underlyingID: 19002
2025/02/06 12:43:43 helpers.go:204: Trades fetched:
2025/02/06 12:43:43 helpers.go:205: {[{MINI L KOPPAR NORDNET 345 18989 1804993 SELL 36 WARRANT 1133432}] [{OMX 19002 767070 BUY 0 WARRANT 1133432}] 1}
2025/02/06 12:43:43 helpers.go:261: Executing trades
2025/02/06 12:43:43 helpers.go:265: Executing sell of assetID: 1804993 (underlyingID: 18989)
2025/02/06 12:43:44 main.go:44: Failed to execute trades. Exiting. Error: failed to execute sell of asset 1804993. Error: failed to place order: %!w(<nil>)
2025/02/06 12:44:13 client.go:20: Loading auth.toml
2025/02/06 12:44:13 client.go:25: Loading config.toml
2025/02/06 12:44:13 client.go:31: Creating ApiClient
2025/02/06 12:44:14 helpers.go:16: Getting positions for account 0bEiJzLfZBvIQ1WTELD0ow
2025/02/06 12:44:14 helpers.go:62: Account positions fetched:
2025/02/06 12:44:14 helpers.go:63: {0bEiJzLfZBvIQ1WTELD0ow 1133432 {1332.9589 SEK} [{1133432-1387823 WARRANT MINI L DAX AVA 437 1387823 SEK 10 1092.8 1062.3 106.23 18981} {1133432-1804778 WARRANT MINI L GULD NORDNET 480 1804778 SEK 6 988.68 949.600002 158.266667 18986} {1133432-1804993 WARRANT MINI L KOPPAR NORDNET 345 1804993 SEK 36 838.08 800.200008 22.227778 18989} {1133432-1077534 WARRANT TLNG DJIA VT26 1077534 SEK 3 738.03 743.000001 247.666667 18985}]}
2025/02/06 12:44:14 helpers.go:68: Getting upcoming holdings
2025/02/06 12:44:15 helpers.go:122: Upcoming holdings fetched:
2025/02/06 12:44:15 helpers.go:123: [{DAX 18981 WARRANT 3} {Guld 18986 WARRANT 2} {OMX 19002 WARRANT 3} {DJI 18985 WARRANT 3} {CASH CASH CASH 1}]
2025/02/06 12:44:15 helpers.go:128: Getting trades
2025/02/06 12:44:15 helpers.go:210: Finding suitable asset for underlyingID: 19002
2025/02/06 12:44:15 helpers.go:204: Trades fetched:
2025/02/06 12:44:15 helpers.go:205: {[{MINI L KOPPAR NORDNET 345 18989 1804993 SELL 36 WARRANT 1133432}] [{OMX 19002 767070 BUY 0 WARRANT 1133432}] 1}
2025/02/06 12:44:15 helpers.go:261: Executing trades
2025/02/06 12:44:15 helpers.go:265: Executing sell of assetID: 1804993 (underlyingID: 18989)
2025/02/06 12:44:15 main.go:44: Failed to execute trades. Exiting. Error: failed to execute sell of asset 1804993. Error: failed to place order: failed to place warrant order: unexpected status code: 500
2025/02/06 12:44:28 client.go:20: Loading auth.toml
2025/02/06 12:44:28 client.go:25: Loading config.toml
2025/02/06 12:44:28 client.go:31: Creating ApiClient
2025/02/06 12:44:28 main.go:16: Error starting client: failed to create client: failed to get credentials: failed to make 2fa_auth request: unexpected status code: 401
2025/02/06 12:44:33 client.go:20: Loading auth.toml
2025/02/06 12:44:33 client.go:25: Loading config.toml
2025/02/06 12:44:33 client.go:31: Creating ApiClient
2025/02/06 12:44:33 helpers.go:16: Getting positions for account 0bEiJzLfZBvIQ1WTELD0ow
2025/02/06 12:44:34 helpers.go:62: Account positions fetched:
2025/02/06 12:44:34 helpers.go:63: {0bEiJzLfZBvIQ1WTELD0ow 1133432 {1332.9589 SEK} [{1133432-1387823 WARRANT MINI L DAX AVA 437 1387823 SEK 10 1093 1062.3 106.23 18981} {1133432-1804778 WARRANT MINI L GULD NORDNET 480 1804778 SEK 6 988.56 949.600002 158.266667 18986} {1133432-1804993 WARRANT MINI L KOPPAR NORDNET 345 1804993 SEK 36 838.08 800.200008 22.227778 18989} {1133432-1077534 WARRANT TLNG DJIA VT26 1077534 SEK 3 737.94 743.000001 247.666667 18985}]}
2025/02/06 12:44:34 helpers.go:68: Getting upcoming holdings
2025/02/06 12:44:34 helpers.go:122: Upcoming holdings fetched:
2025/02/06 12:44:34 helpers.go:123: [{DAX 18981 WARRANT 3} {Guld 18986 WARRANT 2} {OMX 19002 WARRANT 3} {DJI 18985 WARRANT 3} {CASH CASH CASH 1}]
2025/02/06 12:44:34 helpers.go:128: Getting trades
2025/02/06 12:44:34 helpers.go:210: Finding suitable asset for underlyingID: 19002
2025/02/06 12:44:34 helpers.go:204: Trades fetched:
2025/02/06 12:44:34 helpers.go:205: {[{MINI L KOPPAR NORDNET 345 18989 1804993 SELL 36 WARRANT 1133432}] [{OMX 19002 767070 BUY 0 WARRANT 1133432}] 1}
2025/02/06 12:44:34 helpers.go:261: Executing trades
2025/02/06 12:44:34 helpers.go:265: Executing sell of assetID: 1804993 (underlyingID: 18989)
2025/02/06 12:44:35 main.go:44: Failed to execute trades. Exiting. Error: failed to execute sell of asset 1804993. Error: failed to place order: %!w(<nil>)
2025/02/06 12:51:54 client.go:20: Loading auth.toml
2025/02/06 12:51:54 client.go:25: Loading config.toml
2025/02/06 12:51:54 client.go:31: Creating ApiClient
2025/02/06 12:51:54 helpers.go:16: Getting positions for account 0bEiJzLfZBvIQ1WTELD0ow
2025/02/06 12:51:54 helpers.go:62: Account positions fetched:
2025/02/06 12:51:54 helpers.go:63: {0bEiJzLfZBvIQ1WTELD0ow 1133432 {1332.9589 SEK} [{1133432-1387823 WARRANT MINI L DAX AVA 437 1387823 SEK 10 1093.8 1062.3 106.23 18981} {1133432-1804778 WARRANT MINI L GULD NORDNET 480 1804778 SEK 6 988.62 949.600002 158.266667 18986} {1133432-1804993 WARRANT MINI L KOPPAR NORDNET 345 1804993 SEK 36 839.88 800.200008 22.227778 18989} {1133432-1077534 WARRANT TLNG DJIA VT26 1077534 SEK 3 738.3 743.000001 247.666667 18985}]}
2025/02/06 12:51:54 helpers.go:68: Getting upcoming holdings
2025/02/06 12:51:55 helpers.go:122: Upcoming holdings fetched:
2025/02/06 12:51:55 helpers.go:123: [{DAX 18981 WARRANT 3} {Guld 18986 WARRANT 2} {OMX 19002 WARRANT 3} {DJI 18985 WARRANT 3} {CASH CASH CASH 1}]
2025/02/06 12:51:55 helpers.go:128: Getting trades
2025/02/06 12:51:55 helpers.go:210: Finding suitable asset for underlyingID: 19002
2025/02/06 12:51:55 helpers.go:204: Trades fetched:
2025/02/06 12:51:55 helpers.go:205: {[{MINI L KOPPAR NORDNET 345 18989 1804993 SELL 36 WARRANT 1133432}] [{OMX 19002 767070 BUY 0 WARRANT 1133432}] 1}
2025/02/06 12:51:55 helpers.go:261: Executing trades
2025/02/06 12:51:55 helpers.go:265: Executing sell of assetID: 1804993 (underlyingID: 18989)
2025/02/06 12:51:56 main.go:44: Failed to execute trades. Exiting. Error: failed to execute sell of asset 1804993. Error: failed to place order: {ERROR Det är inte tillåtet att blanka det här värdepappret. [2740356 22669675116 1133432] }
2025/02/06 12:57:11 client.go:20: Loading auth.toml
2025/02/06 12:57:11 client.go:25: Loading config.toml
2025/02/06 12:57:11 client.go:31: Creating ApiClient
2025/02/06 12:57:11 helpers.go:16: Getting positions for account 0bEiJzLfZBvIQ1WTELD0ow
2025/02/06 12:57:11 helpers.go:62: Account positions fetched:
2025/02/06 12:57:11 helpers.go:63: {0bEiJzLfZBvIQ1WTELD0ow 1133432 {1332.9589 SEK} [{1133432-1387823 WARRANT MINI L DAX AVA 437 1387823 SEK 10 1094.4 1062.3 106.23 18981} {1133432-1804778 WARRANT MINI L GULD NORDNET 480 1804778 SEK 6 988.44 949.600002 158.266667 18986} {1133432-1804993 WARRANT MINI L KOPPAR NORDNET 345 1804993 SEK 36 835.92 800.200008 22.227778 18989} {1133432-1077534 WARRANT TLNG DJIA VT26 1077534 SEK 3 738.15 743.000001 247.666667 18985}]}
2025/02/06 12:57:11 helpers.go:68: Getting upcoming holdings
2025/02/06 12:57:12 helpers.go:122: Upcoming holdings fetched:
2025/02/06 12:57:12 helpers.go:123: [{DAX 18981 WARRANT 3} {Guld 18986 WARRANT 2} {OMX 19002 WARRANT 3} {DJI 18985 WARRANT 3} {CASH CASH CASH 1}]
2025/02/06 12:57:12 helpers.go:128: Getting trades
2025/02/06 12:57:12 helpers.go:210: Finding suitable asset for underlyingID: 19002
2025/02/06 12:57:12 helpers.go:204: Trades fetched:
2025/02/06 12:57:12 helpers.go:205: {[{MINI L KOPPAR NORDNET 345 18989 1804993 SELL 36 WARRANT 1133432}] [{OMX 19002 767070 BUY 0 WARRANT 1133432}] 1}
2025/02/06 12:57:12 helpers.go:261: Executing trades
2025/02/06 12:57:12 helpers.go:265: Executing sell of assetID: 1804993 (underlyingID: 18989)
2025/02/06 12:57:12 main.go:44: Failed to execute trades. Exiting. Error: failed to execute sell of asset 1804993. Error: failed to place order: failed to place warrant order: unexpected status code: 400
2025/02/06 12:59:21 client.go:20: Loading auth.toml
2025/02/06 12:59:21 client.go:25: Loading config.toml
2025/02/06 12:59:21 client.go:31: Creating ApiClient
2025/02/06 12:59:21 helpers.go:16: Getting positions for account 0bEiJzLfZBvIQ1WTELD0ow
2025/02/06 12:59:22 helpers.go:62: Account positions fetched:
2025/02/06 12:59:22 helpers.go:63: {0bEiJzLfZBvIQ1WTELD0ow 1133432 {1332.9589 SEK} [{1133432-1387823 WARRANT MINI L DAX AVA 437 1387823 SEK 10 1094 1062.3 106.23 18981} {1133432-1804778 WARRANT MINI L GULD NORDNET 480 1804778 SEK 6 988.86 949.600002 158.266667 18986} {1133432-1804993 WARRANT MINI L KOPPAR NORDNET 345 1804993 SEK 36 835.92 800.200008 22.227778 18989} {1133432-1077534 WARRANT TLNG DJIA VT26 1077534 SEK 3 738 743.000001 247.666667 18985}]}
2025/02/06 12:59:22 helpers.go:68: Getting upcoming holdings
2025/02/06 12:59:22 helpers.go:122: Upcoming holdings fetched:
2025/02/06 12:59:22 helpers.go:123: [{DAX 18981 WARRANT 3} {Guld 18986 WARRANT 2} {OMX 19002 WARRANT 3} {DJI 18985 WARRANT 3} {CASH CASH CASH 1}]
2025/02/06 12:59:22 helpers.go:128: Getting trades
2025/02/06 12:59:22 helpers.go:210: Finding suitable asset for underlyingID: 19002
2025/02/06 12:59:23 helpers.go:204: Trades fetched:
2025/02/06 12:59:23 helpers.go:205: {[{MINI L KOPPAR NORDNET 345 18989 1804993 SELL 36 WARRANT 1133432}] [{OMX 19002 767070 BUY 0 WARRANT 1133432}] 1}
2025/02/06 12:59:23 helpers.go:261: Executing trades
2025/02/06 12:59:23 helpers.go:265: Executing sell of assetID: 1804993 (underlyingID: 18989)
2025/02/06 12:59:23 main.go:44: Failed to execute trades. Exiting. Error: failed to execute sell of asset 1804993. Error: failed to place order: {ERROR Det är inte tillåtet att blanka det här värdepappret. [2740356 22669675275 1133432] }
2025/02/06 13:08:02 client.go:20: Loading auth.toml
2025/02/06 13:08:02 client.go:25: Loading config.toml
2025/02/06 13:08:02 client.go:31: Creating ApiClient
2025/02/06 13:08:03 helpers.go:16: Getting positions for account 0bEiJzLfZBvIQ1WTELD0ow
2025/02/06 13:08:03 helpers.go:62: Account positions fetched:
2025/02/06 13:08:03 helpers.go:63: {0bEiJzLfZBvIQ1WTELD0ow 1133432 {1332.9589 SEK} [{1133432-1387823 WARRANT MINI L DAX AVA 437 1387823 SEK 10 1094.7 1062.3 106.23 18981} {1133432-1804778 WARRANT MINI L GULD NORDNET 480 1804778 SEK 6 991.38 949.600002 158.266667 18986} {1133432-1804993 WARRANT MINI L KOPPAR NORDNET 345 1804993 SEK 36 838.08 800.200008 22.227778 18989} {1133432-1077534 WARRANT TLNG DJIA VT26 1077534 SEK 3 738.39 743.000001 247.666667 18985}]}
2025/02/06 13:08:03 helpers.go:68: Getting upcoming holdings
2025/02/06 13:08:04 helpers.go:122: Upcoming holdings fetched:
2025/02/06 13:08:04 helpers.go:123: [{DAX 18981 WARRANT 3} {Guld 18986 WARRANT 2} {OMX 19002 WARRANT 3} {DJI 18985 WARRANT 3} {CASH CASH CASH 1}]
2025/02/06 13:08:04 helpers.go:128: Getting trades
2025/02/06 13:08:04 helpers.go:210: Finding suitable asset for underlyingID: 19002
2025/02/06 13:08:04 helpers.go:204: Trades fetched:
2025/02/06 13:08:04 helpers.go:205: {[{MINI L KOPPAR NORDNET 345 18989 1804993 SELL 36 WARRANT 1133432}] [{OMX 19002 767070 BUY 0 WARRANT 1133432}] 1}
2025/02/06 13:08:04 helpers.go:261: Executing trades
2025/02/06 13:08:04 helpers.go:265: Executing sell of assetID: 1804993 (underlyingID: 18989)
2025/02/06 13:08:04 main.go:44: Failed to execute trades. Exiting. Error: failed to execute sell of asset 1804993. Error: failed to place order: {ERROR Det är inte tillåtet att blanka det här värdepappret. [2740356 22669754262 1133432] }
2025/02/06 13:14:06 client.go:20: Loading auth.toml
2025/02/06 13:14:06 client.go:25: Loading config.toml
2025/02/06 13:14:06 client.go:31: Creating ApiClient
2025/02/06 13:14:07 helpers.go:16: Getting positions for account 0bEiJzLfZBvIQ1WTELD0ow
2025/02/06 13:14:07 helpers.go:62: Account positions fetched:
2025/02/06 13:14:07 helpers.go:63: {0bEiJzLfZBvIQ1WTELD0ow 1133432 {1332.9589 SEK} [{1133432-1387823 WARRANT MINI L DAX AVA 437 1387823 SEK 10 1094.9 1062.3 106.23 18981} {1133432-1804778 WARRANT MINI L GULD NORDNET 480 1804778 SEK 6 991.14 949.600002 158.266667 18986} {1133432-1804993 WARRANT MINI L KOPPAR NORDNET 345 1804993 SEK 36 838.8 800.200008 22.227778 18989} {1133432-1077534 WARRANT TLNG DJIA VT26 1077534 SEK 3 738.24 743.000001 247.666667 18985}]}
2025/02/06 13:14:07 helpers.go:68: Getting upcoming holdings
2025/02/06 13:14:07 helpers.go:122: Upcoming holdings fetched:
2025/02/06 13:14:07 helpers.go:123: [{DAX 18981 WARRANT 3} {Guld 18986 WARRANT 2} {OMX 19002 WARRANT 3} {DJI 18985 WARRANT 3} {CASH CASH CASH 1}]
2025/02/06 13:14:07 helpers.go:128: Getting trades
2025/02/06 13:14:07 helpers.go:210: Finding suitable asset for underlyingID: 19002
2025/02/06 13:14:08 helpers.go:204: Trades fetched:
2025/02/06 13:14:08 helpers.go:205: {[{MINI L KOPPAR NORDNET 345 18989 1804993 SELL 36 WARRANT 1133432}] [{OMX 19002 767070 BUY 0 WARRANT 1133432}] 1}
2025/02/06 13:14:08 helpers.go:261: Executing trades
2025/02/06 13:14:08 helpers.go:265: Executing sell of assetID: 1804993 (underlyingID: 18989)
2025/02/06 13:39:26 client.go:20: Loading auth.toml
2025/02/06 13:39:26 client.go:25: Loading config.toml
2025/02/06 13:39:26 client.go:31: Creating ApiClient
2025/02/06 13:39:27 helpers.go:16: Getting positions for account 0bEiJzLfZBvIQ1WTELD0ow
2025/02/06 13:40:29 client.go:20: Loading auth.toml
2025/02/06 13:40:29 client.go:25: Loading config.toml
2025/02/06 13:40:29 client.go:31: Creating ApiClient
2025/02/06 13:40:30 helpers.go:16: Getting positions for account 0bEiJzLfZBvIQ1WTELD0ow
2025/02/06 13:41:34 client.go:20: Loading auth.toml
2025/02/06 13:41:34 client.go:25: Loading config.toml
2025/02/06 13:41:34 client.go:31: Creating ApiClient
2025/02/06 13:41:35 helpers.go:16: Getting positions for account 0bEiJzLfZBvIQ1WTELD0ow
2025/02/06 13:42:32 client.go:20: Loading auth.toml
2025/02/06 13:42:32 client.go:25: Loading config.toml
2025/02/06 13:42:32 client.go:31: Creating ApiClient
2025/02/06 13:42:32 helpers.go:16: Getting positions for account 0bEiJzLfZBvIQ1WTELD0ow
2025/02/06 13:42:32 main.go:29: Failed to get account positions. Exiting. Error: failed to get warrant info for 1387823: failed to get warrant info: failed to unmarshal response: json: cannot unmarshal number 834770.28 into Go struct field .quote.totalValueTraded of type int
2025/02/06 13:43:17 client.go:20: Loading auth.toml
2025/02/06 13:43:17 client.go:25: Loading config.toml
2025/02/06 13:43:17 client.go:31: Creating ApiClient
2025/02/06 13:43:17 helpers.go:16: Getting positions for account 0bEiJzLfZBvIQ1WTELD0ow
2025/02/06 13:43:17 helpers.go:62: Account positions fetched:
2025/02/06 13:43:17 helpers.go:63: {0bEiJzLfZBvIQ1WTELD0ow 1133432 {1332.9589 SEK} [{1133432-1387823 WARRANT MINI L DAX AVA 437 1387823 SEK 10 1096.4 1062.3 106.23 18981} {1133432-1804778 WARRANT MINI L GULD NORDNET 480 1804778 SEK 6 990.18 949.600002 158.266667 18986} {1133432-1804993 WARRANT MINI L KOPPAR NORDNET 345 1804993 SEK 36 840.6 800.200008 22.227778 18989} {1133432-1077534 WARRANT TLNG DJIA VT26 1077534 SEK 3 739.44 743.000001 247.666667 18985}]}
2025/02/06 13:43:17 helpers.go:68: Getting upcoming holdings
2025/02/06 13:43:18 helpers.go:122: Upcoming holdings fetched:
2025/02/06 13:43:18 helpers.go:123: [{DAX 18981 WARRANT 3} {Guld 18986 WARRANT 2} {OMX 19002 WARRANT 3} {DJI 18985 WARRANT 3} {CASH CASH CASH 1}]
2025/02/06 13:43:18 helpers.go:128: Getting trades
2025/02/06 13:43:18 helpers.go:210: Finding suitable asset for underlyingID: 19002
2025/02/06 13:43:18 helpers.go:204: Trades fetched:
2025/02/06 13:43:18 helpers.go:205: {[{MINI L KOPPAR NORDNET 345 18989 1804993 SELL 36 WARRANT 1133432}] [{OMX 19002 767070 BUY 0 WARRANT 1133432}] 1}
2025/02/06 13:43:18 helpers.go:261: Executing trades
2025/02/06 13:43:18 helpers.go:265: Executing sell of assetID: 1804993 (underlyingID: 18989)
2025/02/06 13:43:44 client.go:20: Loading auth.toml
2025/02/06 13:43:44 client.go:25: Loading config.toml
2025/02/06 13:43:44 client.go:31: Creating ApiClient
2025/02/06 13:43:45 helpers.go:16: Getting positions for account 0bEiJzLfZBvIQ1WTELD0ow
2025/02/06 13:43:45 helpers.go:62: Account positions fetched:
2025/02/06 13:43:45 helpers.go:63: {0bEiJzLfZBvIQ1WTELD0ow 1133432 {1332.9589 SEK} [{1133432-1387823 WARRANT MINI L DAX AVA 437 1387823 SEK 10 1096.9 1062.3 106.23 18981} {1133432-1804778 WARRANT MINI L GULD NORDNET 480 1804778 SEK 6 990 949.600002 158.266667 18986} {1133432-1804993 WARRANT MINI L KOPPAR NORDNET 345 1804993 SEK 36 840.96 800.200008 22.227778 18989} {1133432-1077534 WARRANT TLNG DJIA VT26 1077534 SEK 3 739.62 743.000001 247.666667 18985}]}
2025/02/06 13:43:45 helpers.go:68: Getting upcoming holdings
2025/02/06 13:43:46 helpers.go:122: Upcoming holdings fetched:
2025/02/06 13:43:46 helpers.go:123: [{DAX 18981 WARRANT 3} {Guld 18986 WARRANT 2} {OMX 19002 WARRANT 3} {DJI 18985 WARRANT 3} {CASH CASH CASH 1}]
2025/02/06 13:43:46 helpers.go:128: Getting trades
2025/02/06 13:43:46 helpers.go:210: Finding suitable asset for underlyingID: 19002
2025/02/06 13:43:46 helpers.go:204: Trades fetched:
2025/02/06 13:43:46 helpers.go:205: {[{MINI L KOPPAR NORDNET 345 18989 1804993 SELL 36 WARRANT 1133432}] [{OMX 19002 767070 BUY 0 WARRANT 1133432}] 1}
2025/02/06 13:43:46 helpers.go:261: Executing trades
2025/02/06 13:43:46 helpers.go:265: Executing sell of assetID: 1804993 (underlyingID: 18989)
2025/02/06 13:43:46 main.go:44: Failed to execute trades. Exiting. Error: failed to execute sell of asset 1804993. Error: failed to place order: {ERROR Det är inte tillåtet att blanka det här värdepappret. [2740356 22669826120 1133432] }
